18:28:36 **** Incremental Build of configuration Debug for project ex_05b_ds_twr_resp_GLCD ****
make all 
Building file: ../src/platform/deca_spi.c
Invoking: MCU GCC Compiler
E:\UWB\MX_STM32F411\ex_05b_ds_twr_resp_GLCD\Debug
arm-none-eabi-gcc -mcpu=cortex-m4 -mthumb -mfloat-abi=hard -mfpu=fpv4-sp-d16 -DSTM32F4 -DGLCD_CONTROLLER_PCD8544 -DGLCD_DEVICE_STM32F4XX -DSTM32 -DSTM32F411RETx -DDEBUG -DUSE_HAL_DRIVER -DSTM32F411xE -I"E:/UWB/MX_STM32F411/dwm1000_f411_hal_lib" -I"E:/UWB/MX_STM32F411/ex_05b_ds_twr_resp_GLCD/inc" -I"E:/UWB/MX_STM32F411/dwm1000_f411_hal_lib/CMSIS/core" -I"E:/UWB/MX_STM32F411/dwm1000_f411_hal_lib/CMSIS/device" -I"E:/UWB/MX_STM32F411/dwm1000_f411_hal_lib/HAL_Driver/Inc/Legacy" -I"E:/UWB/MX_STM32F411/dwm1000_f411_hal_lib/HAL_Driver/Inc" -I"E:/UWB/DW_API_rev2p03_F411/decadriver" -O0 -g3 -Wall -fmessage-length=0 -ffunction-sections -c -MMD -MP -MF"src/platform/deca_spi.d" -MT"src/platform/deca_spi.o" -o "src/platform/deca_spi.o" "../src/platform/deca_spi.c"
Finished building: ../src/platform/deca_spi.c
 
Building file: ../src/platform/port.c
Invoking: MCU GCC Compiler
E:\UWB\MX_STM32F411\ex_05b_ds_twr_resp_GLCD\Debug
arm-none-eabi-gcc -mcpu=cortex-m4 -mthumb -mfloat-abi=hard -mfpu=fpv4-sp-d16 -DSTM32F4 -DGLCD_CONTROLLER_PCD8544 -DGLCD_DEVICE_STM32F4XX -DSTM32 -DSTM32F411RETx -DDEBUG -DUSE_HAL_DRIVER -DSTM32F411xE -I"E:/UWB/MX_STM32F411/dwm1000_f411_hal_lib" -I"E:/UWB/MX_STM32F411/ex_05b_ds_twr_resp_GLCD/inc" -I"E:/UWB/MX_STM32F411/dwm1000_f411_hal_lib/CMSIS/core" -I"E:/UWB/MX_STM32F411/dwm1000_f411_hal_lib/CMSIS/device" -I"E:/UWB/MX_STM32F411/dwm1000_f411_hal_lib/HAL_Driver/Inc/Legacy" -I"E:/UWB/MX_STM32F411/dwm1000_f411_hal_lib/HAL_Driver/Inc" -I"E:/UWB/DW_API_rev2p03_F411/decadriver" -O0 -g3 -Wall -fmessage-length=0 -ffunction-sections -c -MMD -MP -MF"src/platform/port.d" -MT"src/platform/port.o" -o "src/platform/port.o" "../src/platform/port.c"
../src/platform/port.c: In function 'peripherals_init':
../src/platform/port.c:687:5: warning: implicit declaration of function 'PCD8544Init' [-Wimplicit-function-declaration]
     PCD8544Init();
     ^
Finished building: ../src/platform/port.c
 
Building file: ../src/main.c
Invoking: MCU GCC Compiler
E:\UWB\MX_STM32F411\ex_05b_ds_twr_resp_GLCD\Debug
arm-none-eabi-gcc -mcpu=cortex-m4 -mthumb -mfloat-abi=hard -mfpu=fpv4-sp-d16 -DSTM32F4 -DGLCD_CONTROLLER_PCD8544 -DGLCD_DEVICE_STM32F4XX -DSTM32 -DSTM32F411RETx -DDEBUG -DUSE_HAL_DRIVER -DSTM32F411xE -I"E:/UWB/MX_STM32F411/dwm1000_f411_hal_lib" -I"E:/UWB/MX_STM32F411/ex_05b_ds_twr_resp_GLCD/inc" -I"E:/UWB/MX_STM32F411/dwm1000_f411_hal_lib/CMSIS/core" -I"E:/UWB/MX_STM32F411/dwm1000_f411_hal_lib/CMSIS/device" -I"E:/UWB/MX_STM32F411/dwm1000_f411_hal_lib/HAL_Driver/Inc/Legacy" -I"E:/UWB/MX_STM32F411/dwm1000_f411_hal_lib/HAL_Driver/Inc" -I"E:/UWB/DW_API_rev2p03_F411/decadriver" -O0 -g3 -Wall -fmessage-length=0 -ffunction-sections -c -MMD -MP -MF"src/main.d" -MT"src/main.o" -o "src/main.o" "../src/main.c"
Finished building: ../src/main.c
 
Building file: ../src/stm32f4xx_it.c
Invoking: MCU GCC Compiler
E:\UWB\MX_STM32F411\ex_05b_ds_twr_resp_GLCD\Debug
arm-none-eabi-gcc -mcpu=cortex-m4 -mthumb -mfloat-abi=hard -mfpu=fpv4-sp-d16 -DSTM32F4 -DGLCD_CONTROLLER_PCD8544 -DGLCD_DEVICE_STM32F4XX -DSTM32 -DSTM32F411RETx -DDEBUG -DUSE_HAL_DRIVER -DSTM32F411xE -I"E:/UWB/MX_STM32F411/dwm1000_f411_hal_lib" -I"E:/UWB/MX_STM32F411/ex_05b_ds_twr_resp_GLCD/inc" -I"E:/UWB/MX_STM32F411/dwm1000_f411_hal_lib/CMSIS/core" -I"E:/UWB/MX_STM32F411/dwm1000_f411_hal_lib/CMSIS/device" -I"E:/UWB/MX_STM32F411/dwm1000_f411_hal_lib/HAL_Driver/Inc/Legacy" -I"E:/UWB/MX_STM32F411/dwm1000_f411_hal_lib/HAL_Driver/Inc" -I"E:/UWB/DW_API_rev2p03_F411/decadriver" -O0 -g3 -Wall -fmessage-length=0 -ffunction-sections -c -MMD -MP -MF"src/stm32f4xx_it.d" -MT"src/stm32f4xx_it.o" -o "src/stm32f4xx_it.o" "../src/stm32f4xx_it.c"
Finished building: ../src/stm32f4xx_it.c
 
Building file: ../src/syscalls.c
Invoking: MCU GCC Compiler
E:\UWB\MX_STM32F411\ex_05b_ds_twr_resp_GLCD\Debug
arm-none-eabi-gcc -mcpu=cortex-m4 -mthumb -mfloat-abi=hard -mfpu=fpv4-sp-d16 -DSTM32F4 -DGLCD_CONTROLLER_PCD8544 -DGLCD_DEVICE_STM32F4XX -DSTM32 -DSTM32F411RETx -DDEBUG -DUSE_HAL_DRIVER -DSTM32F411xE -I"E:/UWB/MX_STM32F411/dwm1000_f411_hal_lib" -I"E:/UWB/MX_STM32F411/ex_05b_ds_twr_resp_GLCD/inc" -I"E:/UWB/MX_STM32F411/dwm1000_f411_hal_lib/CMSIS/core" -I"E:/UWB/MX_STM32F411/dwm1000_f411_hal_lib/CMSIS/device" -I"E:/UWB/MX_STM32F411/dwm1000_f411_hal_lib/HAL_Driver/Inc/Legacy" -I"E:/UWB/MX_STM32F411/dwm1000_f411_hal_lib/HAL_Driver/Inc" -I"E:/UWB/DW_API_rev2p03_F411/decadriver" -O0 -g3 -Wall -fmessage-length=0 -ffunction-sections -c -MMD -MP -MF"src/syscalls.d" -MT"src/syscalls.o" -o "src/syscalls.o" "../src/syscalls.c"
Finished building: ../src/syscalls.c
 
Building file: ../src/system_stm32f4xx.c
Invoking: MCU GCC Compiler
E:\UWB\MX_STM32F411\ex_05b_ds_twr_resp_GLCD\Debug
arm-none-eabi-gcc -mcpu=cortex-m4 -mthumb -mfloat-abi=hard -mfpu=fpv4-sp-d16 -DSTM32F4 -DGLCD_CONTROLLER_PCD8544 -DGLCD_DEVICE_STM32F4XX -DSTM32 -DSTM32F411RETx -DDEBUG -DUSE_HAL_DRIVER -DSTM32F411xE -I"E:/UWB/MX_STM32F411/dwm1000_f411_hal_lib" -I"E:/UWB/MX_STM32F411/ex_05b_ds_twr_resp_GLCD/inc" -I"E:/UWB/MX_STM32F411/dwm1000_f411_hal_lib/CMSIS/core" -I"E:/UWB/MX_STM32F411/dwm1000_f411_hal_lib/CMSIS/device" -I"E:/UWB/MX_STM32F411/dwm1000_f411_hal_lib/HAL_Driver/Inc/Legacy" -I"E:/UWB/MX_STM32F411/dwm1000_f411_hal_lib/HAL_Driver/Inc" -I"E:/UWB/DW_API_rev2p03_F411/decadriver" -O0 -g3 -Wall -fmessage-length=0 -ffunction-sections -c -MMD -MP -MF"src/system_stm32f4xx.d" -MT"src/system_stm32f4xx.o" -o "src/system_stm32f4xx.o" "../src/system_stm32f4xx.c"
Finished building: ../src/system_stm32f4xx.c
 
Building file: E:/UWB/DW_API_rev2p03_F411/decadriver/deca_device.c
Invoking: MCU GCC Compiler
E:\UWB\MX_STM32F411\ex_05b_ds_twr_resp_GLCD\Debug
arm-none-eabi-gcc -mcpu=cortex-m4 -mthumb -mfloat-abi=hard -mfpu=fpv4-sp-d16 -DSTM32F4 -DGLCD_CONTROLLER_PCD8544 -DGLCD_DEVICE_STM32F4XX -DSTM32 -DSTM32F411RETx -DDEBUG -DUSE_HAL_DRIVER -DSTM32F411xE -I"E:/UWB/MX_STM32F411/dwm1000_f411_hal_lib" -I"E:/UWB/MX_STM32F411/ex_05b_ds_twr_resp_GLCD/inc" -I"E:/UWB/MX_STM32F411/dwm1000_f411_hal_lib/CMSIS/core" -I"E:/UWB/MX_STM32F411/dwm1000_f411_hal_lib/CMSIS/device" -I"E:/UWB/MX_STM32F411/dwm1000_f411_hal_lib/HAL_Driver/Inc/Legacy" -I"E:/UWB/MX_STM32F411/dwm1000_f411_hal_lib/HAL_Driver/Inc" -I"E:/UWB/DW_API_rev2p03_F411/decadriver" -O0 -g3 -Wall -fmessage-length=0 -ffunction-sections -c -MMD -MP -MF"decadriver/deca_device.d" -MT"decadriver/deca_device.o" -o "decadriver/deca_device.o" "E:/UWB/DW_API_rev2p03_F411/decadriver/deca_device.c"
Finished building: E:/UWB/DW_API_rev2p03_F411/decadriver/deca_device.c
 
Building file: E:/UWB/DW_API_rev2p03_F411/decadriver/deca_params_init.c
Invoking: MCU GCC Compiler
E:\UWB\MX_STM32F411\ex_05b_ds_twr_resp_GLCD\Debug
arm-none-eabi-gcc -mcpu=cortex-m4 -mthumb -mfloat-abi=hard -mfpu=fpv4-sp-d16 -DSTM32F4 -DGLCD_CONTROLLER_PCD8544 -DGLCD_DEVICE_STM32F4XX -DSTM32 -DSTM32F411RETx -DDEBUG -DUSE_HAL_DRIVER -DSTM32F411xE -I"E:/UWB/MX_STM32F411/dwm1000_f411_hal_lib" -I"E:/UWB/MX_STM32F411/ex_05b_ds_twr_resp_GLCD/inc" -I"E:/UWB/MX_STM32F411/dwm1000_f411_hal_lib/CMSIS/core" -I"E:/UWB/MX_STM32F411/dwm1000_f411_hal_lib/CMSIS/device" -I"E:/UWB/MX_STM32F411/dwm1000_f411_hal_lib/HAL_Driver/Inc/Legacy" -I"E:/UWB/MX_STM32F411/dwm1000_f411_hal_lib/HAL_Driver/Inc" -I"E:/UWB/DW_API_rev2p03_F411/decadriver" -O0 -g3 -Wall -fmessage-length=0 -ffunction-sections -c -MMD -MP -MF"decadriver/deca_params_init.d" -MT"decadriver/deca_params_init.o" -o "decadriver/deca_params_init.o" "E:/UWB/DW_API_rev2p03_F411/decadriver/deca_params_init.c"
Finished building: E:/UWB/DW_API_rev2p03_F411/decadriver/deca_params_init.c
 
Building file: E:/ARM/NOKIA5110_LCD/NOKIA_GLCD_Lib/devices/AVR8.c
Invoking: MCU GCC Compiler
E:\UWB\MX_STM32F411\ex_05b_ds_twr_resp_GLCD\Debug
arm-none-eabi-gcc -mcpu=cortex-m4 -mthumb -mfloat-abi=hard -mfpu=fpv4-sp-d16 -DSTM32F4 -DGLCD_CONTROLLER_PCD8544 -DGLCD_DEVICE_STM32F4XX -DSTM32 -DSTM32F411RETx -DDEBUG -DUSE_HAL_DRIVER -DSTM32F411xE -I"E:/UWB/MX_STM32F411/dwm1000_f411_hal_lib" -I"E:/UWB/MX_STM32F411/ex_05b_ds_twr_resp_GLCD/inc" -I"E:/UWB/MX_STM32F411/dwm1000_f411_hal_lib/CMSIS/core" -I"E:/UWB/MX_STM32F411/dwm1000_f411_hal_lib/CMSIS/device" -I"E:/UWB/MX_STM32F411/dwm1000_f411_hal_lib/HAL_Driver/Inc/Legacy" -I"E:/UWB/MX_STM32F411/dwm1000_f411_hal_lib/HAL_Driver/Inc" -I"E:/UWB/DW_API_rev2p03_F411/decadriver" -O0 -g3 -Wall -fmessage-length=0 -ffunction-sections -c -MMD -MP -MF"NOKIA_GLCD_Lib/devices/AVR8.d" -MT"NOKIA_GLCD_Lib/devices/AVR8.o" -o "NOKIA_GLCD_Lib/devices/AVR8.o" "E:/ARM/NOKIA5110_LCD/NOKIA_GLCD_Lib/devices/AVR8.c"
Finished building: E:/ARM/NOKIA5110_LCD/NOKIA_GLCD_Lib/devices/AVR8.c
 
Building file: E:/ARM/NOKIA5110_LCD/NOKIA_GLCD_Lib/devices/LPC111x.c
Invoking: MCU GCC Compiler
E:\UWB\MX_STM32F411\ex_05b_ds_twr_resp_GLCD\Debug
arm-none-eabi-gcc -mcpu=cortex-m4 -mthumb -mfloat-abi=hard -mfpu=fpv4-sp-d16 -DSTM32F4 -DGLCD_CONTROLLER_PCD8544 -DGLCD_DEVICE_STM32F4XX -DSTM32 -DSTM32F411RETx -DDEBUG -DUSE_HAL_DRIVER -DSTM32F411xE -I"E:/UWB/MX_STM32F411/dwm1000_f411_hal_lib" -I"E:/UWB/MX_STM32F411/ex_05b_ds_twr_resp_GLCD/inc" -I"E:/UWB/MX_STM32F411/dwm1000_f411_hal_lib/CMSIS/core" -I"E:/UWB/MX_STM32F411/dwm1000_f411_hal_lib/CMSIS/device" -I"E:/UWB/MX_STM32F411/dwm1000_f411_hal_lib/HAL_Driver/Inc/Legacy" -I"E:/UWB/MX_STM32F411/dwm1000_f411_hal_lib/HAL_Driver/Inc" -I"E:/UWB/DW_API_rev2p03_F411/decadriver" -O0 -g3 -Wall -fmessage-length=0 -ffunction-sections -c -MMD -MP -MF"NOKIA_GLCD_Lib/devices/LPC111x.d" -MT"NOKIA_GLCD_Lib/devices/LPC111x.o" -o "NOKIA_GLCD_Lib/devices/LPC111x.o" "E:/ARM/NOKIA5110_LCD/NOKIA_GLCD_Lib/devices/LPC111x.c"
Finished building: E:/ARM/NOKIA5110_LCD/NOKIA_GLCD_Lib/devices/LPC111x.c
 
Building file: E:/ARM/NOKIA5110_LCD/NOKIA_GLCD_Lib/devices/LPC11Uxx.c
Invoking: MCU GCC Compiler
E:\UWB\MX_STM32F411\ex_05b_ds_twr_resp_GLCD\Debug
arm-none-eabi-gcc -mcpu=cortex-m4 -mthumb -mfloat-abi=hard -mfpu=fpv4-sp-d16 -DSTM32F4 -DGLCD_CONTROLLER_PCD8544 -DGLCD_DEVICE_STM32F4XX -DSTM32 -DSTM32F411RETx -DDEBUG -DUSE_HAL_DRIVER -DSTM32F411xE -I"E:/UWB/MX_STM32F411/dwm1000_f411_hal_lib" -I"E:/UWB/MX_STM32F411/ex_05b_ds_twr_resp_GLCD/inc" -I"E:/UWB/MX_STM32F411/dwm1000_f411_hal_lib/CMSIS/core" -I"E:/UWB/MX_STM32F411/dwm1000_f411_hal_lib/CMSIS/device" -I"E:/UWB/MX_STM32F411/dwm1000_f411_hal_lib/HAL_Driver/Inc/Legacy" -I"E:/UWB/MX_STM32F411/dwm1000_f411_hal_lib/HAL_Driver/Inc" -I"E:/UWB/DW_API_rev2p03_F411/decadriver" -O0 -g3 -Wall -fmessage-length=0 -ffunction-sections -c -MMD -MP -MF"NOKIA_GLCD_Lib/devices/LPC11Uxx.d" -MT"NOKIA_GLCD_Lib/devices/LPC11Uxx.o" -o "NOKIA_GLCD_Lib/devices/LPC11Uxx.o" "E:/ARM/NOKIA5110_LCD/NOKIA_GLCD_Lib/devices/LPC11Uxx.c"
Finished building: E:/ARM/NOKIA5110_LCD/NOKIA_GLCD_Lib/devices/LPC11Uxx.c
 
Building file: E:/ARM/NOKIA5110_LCD/NOKIA_GLCD_Lib/devices/PIC24H.c
Invoking: MCU GCC Compiler
E:\UWB\MX_STM32F411\ex_05b_ds_twr_resp_GLCD\Debug
arm-none-eabi-gcc -mcpu=cortex-m4 -mthumb -mfloat-abi=hard -mfpu=fpv4-sp-d16 -DSTM32F4 -DGLCD_CONTROLLER_PCD8544 -DGLCD_DEVICE_STM32F4XX -DSTM32 -DSTM32F411RETx -DDEBUG -DUSE_HAL_DRIVER -DSTM32F411xE -I"E:/UWB/MX_STM32F411/dwm1000_f411_hal_lib" -I"E:/UWB/MX_STM32F411/ex_05b_ds_twr_resp_GLCD/inc" -I"E:/UWB/MX_STM32F411/dwm1000_f411_hal_lib/CMSIS/core" -I"E:/UWB/MX_STM32F411/dwm1000_f411_hal_lib/CMSIS/device" -I"E:/UWB/MX_STM32F411/dwm1000_f411_hal_lib/HAL_Driver/Inc/Legacy" -I"E:/UWB/MX_STM32F411/dwm1000_f411_hal_lib/HAL_Driver/Inc" -I"E:/UWB/DW_API_rev2p03_F411/decadriver" -O0 -g3 -Wall -fmessage-length=0 -ffunction-sections -c -MMD -MP -MF"NOKIA_GLCD_Lib/devices/PIC24H.d" -MT"NOKIA_GLCD_Lib/devices/PIC24H.o" -o "NOKIA_GLCD_Lib/devices/PIC24H.o" "E:/ARM/NOKIA5110_LCD/NOKIA_GLCD_Lib/devices/PIC24H.c"
Finished building: E:/ARM/NOKIA5110_LCD/NOKIA_GLCD_Lib/devices/PIC24H.c
 
Building file: E:/ARM/NOKIA5110_LCD/NOKIA_GLCD_Lib/devices/PIC32.c
Invoking: MCU GCC Compiler
E:\UWB\MX_STM32F411\ex_05b_ds_twr_resp_GLCD\Debug
arm-none-eabi-gcc -mcpu=cortex-m4 -mthumb -mfloat-abi=hard -mfpu=fpv4-sp-d16 -DSTM32F4 -DGLCD_CONTROLLER_PCD8544 -DGLCD_DEVICE_STM32F4XX -DSTM32 -DSTM32F411RETx -DDEBUG -DUSE_HAL_DRIVER -DSTM32F411xE -I"E:/UWB/MX_STM32F411/dwm1000_f411_hal_lib" -I"E:/UWB/MX_STM32F411/ex_05b_ds_twr_resp_GLCD/inc" -I"E:/UWB/MX_STM32F411/dwm1000_f411_hal_lib/CMSIS/core" -I"E:/UWB/MX_STM32F411/dwm1000_f411_hal_lib/CMSIS/device" -I"E:/UWB/MX_STM32F411/dwm1000_f411_hal_lib/HAL_Driver/Inc/Legacy" -I"E:/UWB/MX_STM32F411/dwm1000_f411_hal_lib/HAL_Driver/Inc" -I"E:/UWB/DW_API_rev2p03_F411/decadriver" -O0 -g3 -Wall -fmessage-length=0 -ffunction-sections -c -MMD -MP -MF"NOKIA_GLCD_Lib/devices/PIC32.d" -MT"NOKIA_GLCD_Lib/devices/PIC32.o" -o "NOKIA_GLCD_Lib/devices/PIC32.o" "E:/ARM/NOKIA5110_LCD/NOKIA_GLCD_Lib/devices/PIC32.c"
Finished building: E:/ARM/NOKIA5110_LCD/NOKIA_GLCD_Lib/devices/PIC32.c
 
Building file: E:/ARM/NOKIA5110_LCD/NOKIA_GLCD_Lib/devices/STM32F0xx.c
Invoking: MCU GCC Compiler
E:\UWB\MX_STM32F411\ex_05b_ds_twr_resp_GLCD\Debug
arm-none-eabi-gcc -mcpu=cortex-m4 -mthumb -mfloat-abi=hard -mfpu=fpv4-sp-d16 -DSTM32F4 -DGLCD_CONTROLLER_PCD8544 -DGLCD_DEVICE_STM32F4XX -DSTM32 -DSTM32F411RETx -DDEBUG -DUSE_HAL_DRIVER -DSTM32F411xE -I"E:/UWB/MX_STM32F411/dwm1000_f411_hal_lib" -I"E:/UWB/MX_STM32F411/ex_05b_ds_twr_resp_GLCD/inc" -I"E:/UWB/MX_STM32F411/dwm1000_f411_hal_lib/CMSIS/core" -I"E:/UWB/MX_STM32F411/dwm1000_f411_hal_lib/CMSIS/device" -I"E:/UWB/MX_STM32F411/dwm1000_f411_hal_lib/HAL_Driver/Inc/Legacy" -I"E:/UWB/MX_STM32F411/dwm1000_f411_hal_lib/HAL_Driver/Inc" -I"E:/UWB/DW_API_rev2p03_F411/decadriver" -O0 -g3 -Wall -fmessage-length=0 -ffunction-sections -c -MMD -MP -MF"NOKIA_GLCD_Lib/devices/STM32F0xx.d" -MT"NOKIA_GLCD_Lib/devices/STM32F0xx.o" -o "NOKIA_GLCD_Lib/devices/STM32F0xx.o" "E:/ARM/NOKIA5110_LCD/NOKIA_GLCD_Lib/devices/STM32F0xx.c"
Finished building: E:/ARM/NOKIA5110_LCD/NOKIA_GLCD_Lib/devices/STM32F0xx.c
 
Building file: E:/ARM/NOKIA5110_LCD/NOKIA_GLCD_Lib/devices/STM32F10x.c
Invoking: MCU GCC Compiler
E:\UWB\MX_STM32F411\ex_05b_ds_twr_resp_GLCD\Debug
arm-none-eabi-gcc -mcpu=cortex-m4 -mthumb -mfloat-abi=hard -mfpu=fpv4-sp-d16 -DSTM32F4 -DGLCD_CONTROLLER_PCD8544 -DGLCD_DEVICE_STM32F4XX -DSTM32 -DSTM32F411RETx -DDEBUG -DUSE_HAL_DRIVER -DSTM32F411xE -I"E:/UWB/MX_STM32F411/dwm1000_f411_hal_lib" -I"E:/UWB/MX_STM32F411/ex_05b_ds_twr_resp_GLCD/inc" -I"E:/UWB/MX_STM32F411/dwm1000_f411_hal_lib/CMSIS/core" -I"E:/UWB/MX_STM32F411/dwm1000_f411_hal_lib/CMSIS/device" -I"E:/UWB/MX_STM32F411/dwm1000_f411_hal_lib/HAL_Driver/Inc/Legacy" -I"E:/UWB/MX_STM32F411/dwm1000_f411_hal_lib/HAL_Driver/Inc" -I"E:/UWB/DW_API_rev2p03_F411/decadriver" -O0 -g3 -Wall -fmessage-length=0 -ffunction-sections -c -MMD -MP -MF"NOKIA_GLCD_Lib/devices/STM32F10x.d" -MT"NOKIA_GLCD_Lib/devices/STM32F10x.o" -o "NOKIA_GLCD_Lib/devices/STM32F10x.o" "E:/ARM/NOKIA5110_LCD/NOKIA_GLCD_Lib/devices/STM32F10x.c"
Finished building: E:/ARM/NOKIA5110_LCD/NOKIA_GLCD_Lib/devices/STM32F10x.c
 
Building file: E:/ARM/NOKIA5110_LCD/NOKIA_GLCD_Lib/devices/STM32F4.c
Invoking: MCU GCC Compiler
E:\UWB\MX_STM32F411\ex_05b_ds_twr_resp_GLCD\Debug
arm-none-eabi-gcc -mcpu=cortex-m4 -mthumb -mfloat-abi=hard -mfpu=fpv4-sp-d16 -DSTM32F4 -DGLCD_CONTROLLER_PCD8544 -DGLCD_DEVICE_STM32F4XX -DSTM32 -DSTM32F411RETx -DDEBUG -DUSE_HAL_DRIVER -DSTM32F411xE -I"E:/UWB/MX_STM32F411/dwm1000_f411_hal_lib" -I"E:/UWB/MX_STM32F411/ex_05b_ds_twr_resp_GLCD/inc" -I"E:/UWB/MX_STM32F411/dwm1000_f411_hal_lib/CMSIS/core" -I"E:/UWB/MX_STM32F411/dwm1000_f411_hal_lib/CMSIS/device" -I"E:/UWB/MX_STM32F411/dwm1000_f411_hal_lib/HAL_Driver/Inc/Legacy" -I"E:/UWB/MX_STM32F411/dwm1000_f411_hal_lib/HAL_Driver/Inc" -I"E:/UWB/DW_API_rev2p03_F411/decadriver" -O0 -g3 -Wall -fmessage-length=0 -ffunction-sections -c -MMD -MP -MF"NOKIA_GLCD_Lib/devices/STM32F4.d" -MT"NOKIA_GLCD_Lib/devices/STM32F4.o" -o "NOKIA_GLCD_Lib/devices/STM32F4.o" "E:/ARM/NOKIA5110_LCD/NOKIA_GLCD_Lib/devices/STM32F4.c"
E:/ARM/NOKIA5110_LCD/NOKIA_GLCD_Lib/devices/STM32F4.c:38:29: fatal error: devices\STM32F4.h: No such file or directory
compilation terminated.
make: *** [NOKIA_GLCD_Lib/devices/STM32F4.o] Error 1

18:28:42 Build Finished (took 6s.365ms)

